#
# There is insufficient memory for the Java Runtime Environment to continue.
# Native memory allocation (mmap) failed to map 67108864 bytes for G1 virtual space
# Possible reasons:
#   The system is out of physical RAM or swap space
#   The process is running with CompressedOops enabled, and the Java Heap may be blocking the growth of the native heap
# Possible solutions:
#   Reduce memory load on the system
#   Increase physical memory or swap space
#   Check if swap backing store is full
#   Decrease Java heap size (-Xmx/-Xms)
#   Decrease number of Java threads
#   Decrease Java thread stack sizes (-Xss)
#   Set larger code cache with -XX:ReservedCodeCacheSize=
#   JVM is running with Unscaled Compressed Oops mode in which the Java heap is
#     placed in the first 4GB address space. The Java Heap base address is the
#     maximum limit for the native heap growth. Please use -XX:HeapBaseMinAddress
#     to set the Java Heap base and to place the Java Heap above 4GB virtual address.
# This output file may be truncated or incomplete.
#
#  Out of Memory Error (os_windows.cpp:3548), pid=20160, tid=10008
#
# JRE version:  (17.0.12+8) (build )
# Java VM: Java HotSpot(TM) 64-Bit Server VM (17.0.12+8-LTS-286, mixed mode, sharing, tiered, compressed oops, compressed class ptrs, g1 gc, windows-amd64)
# No core dump will be written. Minidumps are not enabled by default on client versions of Windows
#

---------------  S U M M A R Y ------------

Command Line: -Xmx64m -Xms64m -Dorg.gradle.appname=gradlew d:\HydrationLink\mobile\android\\gradle\wrapper\gradle-wrapper.jar -I C:\Users\princ\AppData\Local\Temp\classpath3681798987434876429.gradle kotlinLSPProjectDeps --console=plain

Host: 11th Gen Intel(R) Core(TM) i5-11400H @ 2.70GHz, 12 cores, 15G,  Windows 11 , 64 bit Build 26100 (10.0.26100.8521)
Time: Sun Jun 28 05:22:17 2026 India Standard Time elapsed time: 1.623140 seconds (0d 0h 0m 1s)

---------------  T H R E A D  ---------------

Current thread (0x000001ea32f8eaa0):  JavaThread "Unknown thread" [_thread_in_vm, id=10008, stack(0x000000c653b00000,0x000000c653c00000)]

Stack: [0x000000c653b00000,0x000000c653c00000]
Native frames: (J=compiled Java code, j=interpreted, Vv=VM code, C=native code)
V  [jvm.dll+0x67a04a]
V  [jvm.dll+0x7da4ed]
V  [jvm.dll+0x7dbe33]
V  [jvm.dll+0x7dc4a3]
V  [jvm.dll+0x24508f]
V  [jvm.dll+0x677089]
V  [jvm.dll+0x66bd32]
V  [jvm.dll+0x301fa6]
V  [jvm.dll+0x309546]
V  [jvm.dll+0x359d2e]
V  [jvm.dll+0x359f5f]
V  [jvm.dll+0x2d9078]
V  [jvm.dll+0x2d9fe4]
V  [jvm.dll+0x7aca21]
V  [jvm.dll+0x367591]
V  [jvm.dll+0x78b999]
V  [jvm.dll+0x3ec83f]
V  [jvm.dll+0x3ee471]
C  [jli.dll+0x5297]
C  [ucrtbase.dll+0x2cd30]
C  [KERNEL32.DLL+0x2e957]
C  [ntdll.dll+0x87c1c]


---------------  P R O C E S S  ---------------

Threads class SMR info:
_java_thread_list=0x00007ffdcd267a18, length=0, elements={
}

Java Threads: ( => current thread )

Other Threads:
  0x000001ea3525a320 GCTaskThread "GC Thread#0" [stack: 0x000000c653c00000,0x000000c653d00000] [id=18196]
  0x000001ea3525da90 ConcurrentGCThread "G1 Main Marker" [stack: 0x000000c653d00000,0x000000c653e00000] [id=33124]
  0x000001ea3525e4a0 ConcurrentGCThread "G1 Conc#0" [stack: 0x000000c653e00000,0x000000c653f00000] [id=32036]

[error occurred during error reporting (printing all threads), id 0xc0000005, EXCEPTION_ACCESS_VIOLATION (0xc0000005) at pc=0x00007ffdcca99b67]

VM state: not at safepoint (not fully initialized)

VM Mutex/Monitor currently owned by a thread:  ([mutex/lock_event])
[0x000001ea352374c0] Heap_lock - owner thread: 0x000001ea32f8eaa0

Heap address: 0x00000000fc000000, size: 64 MB, Compressed Oops mode: 32-bit

CDS archive(s) mapped at: [0x0000000000000000-0x0000000000000000-0x0000000000000000), size 0, SharedBaseAddress: 0x0000000800000000, ArchiveRelocationMode: 1.
Narrow klass base: 0x0000000000000000, Narrow klass shift: 0, Narrow klass range: 0x0

GC Precious Log:
<Empty>

Heap:
 garbage-first heap   total 0K, used 0K [0x00000000fc000000, 0x0000000100000000)
  region size 1024K, 0 young (0K), 0 survivors (0K)

[error occurred during error reporting (printing heap information), id 0xc0000005, EXCEPTION_ACCESS_VIOLATION (0xc0000005) at pc=0x00007ffdcce83859]

GC Heap History (0 events):
No events

Deoptimization events (0 events):
No events

Classes unloaded (0 events):
No events

Classes redefined (0 events):
No events

Internal exceptions (0 events):
No events

VM Operations (0 events):
No events

Events (1 events):
Event: 0.016 Loaded shared library C:\Program Files\Java\jdk-17\bin\java.dll


Dynamic libraries:
0x00007ff707e30000 - 0x00007ff707e40000 	C:\Program Files\Java\jdk-17\bin\java.exe
0x00007ffe69b80000 - 0x00007ffe69de6000 	C:\WINDOWS\SYSTEM32\ntdll.dll
0x00007ffe684a0000 - 0x00007ffe68569000 	C:\WINDOWS\System32\KERNEL32.DLL
0x00007ffe67270000 - 0x00007ffe6766a000 	C:\WINDOWS\System32\KERNELBASE.dll
0x00007ffe67070000 - 0x00007ffe671bc000 	C:\WINDOWS\System32\ucrtbase.dll
0x00007ffe471f0000 - 0x00007ffe47209000 	C:\Program Files\Java\jdk-17\bin\jli.dll
0x00007ffe67d20000 - 0x00007ffe67dd6000 	C:\WINDOWS\System32\ADVAPI32.dll
0x00007ffe679b0000 - 0x00007ffe67a59000 	C:\WINDOWS\System32\msvcrt.dll
0x00007ffe68650000 - 0x00007ffe686fa000 	C:\WINDOWS\System32\sechost.dll
0x00007ffe67a60000 - 0x00007ffe67b78000 	C:\WINDOWS\System32\RPCRT4.dll
0x00007ffe67e80000 - 0x00007ffe68047000 	C:\WINDOWS\System32\USER32.dll
0x00007ffe66e10000 - 0x00007ffe66e37000 	C:\WINDOWS\System32\win32u.dll
0x00007ffe68470000 - 0x00007ffe6849b000 	C:\WINDOWS\System32\GDI32.dll
0x00007ffe67670000 - 0x00007ffe6779b000 	C:\WINDOWS\System32\gdi32full.dll
0x00007ffe66fc0000 - 0x00007ffe67063000 	C:\WINDOWS\System32\msvcp_win.dll
0x00007ffe47570000 - 0x00007ffe4758b000 	C:\Program Files\Java\jdk-17\bin\VCRUNTIME140.dll
0x00007ffe46980000 - 0x00007ffe46c12000 	C:\WINDOWS\WinSxS\amd64_microsoft.windows.common-controls_6595b64144ccf1df_6.0.26100.8521_none_3e08b75ce33403b3\COMCTL32.dll
0x00007ffe59ee0000 - 0x00007ffe59eeb000 	C:\WINDOWS\SYSTEM32\VERSION.dll
0x00007ffe68ed0000 - 0x00007ffe68f02000 	C:\WINDOWS\System32\IMM32.DLL
0x00007ffe39130000 - 0x00007ffe39222000 	D:\programs\Windhawk\Engine\1.7.3\64\windhawk.dll
0x00007ffe47560000 - 0x00007ffe4756c000 	C:\Program Files\Java\jdk-17\bin\vcruntime140_1.dll
0x00007ffe34dd0000 - 0x00007ffe34e5e000 	C:\Program Files\Java\jdk-17\bin\msvcp140.dll
0x00007ffdcc7b0000 - 0x00007ffdcd390000 	C:\Program Files\Java\jdk-17\bin\server\jvm.dll
0x00007ffe68710000 - 0x00007ffe68718000 	C:\WINDOWS\System32\PSAPI.DLL
0x00007ffe40f50000 - 0x00007ffe40f5a000 	C:\WINDOWS\SYSTEM32\WSOCK32.dll
0x00007ffe68050000 - 0x00007ffe680d0000 	C:\WINDOWS\System32\WS2_32.dll
0x00007ffe56670000 - 0x00007ffe566a6000 	C:\WINDOWS\SYSTEM32\WINMM.dll
0x00007ffe65cc0000 - 0x00007ffe65cdb000 	C:\WINDOWS\SYSTEM32\kernel.appcore.dll
0x00007ffe40f40000 - 0x00007ffe40f4a000 	C:\Program Files\Java\jdk-17\bin\jimage.dll
0x00007ffe64240000 - 0x00007ffe64482000 	C:\WINDOWS\SYSTEM32\DBGHELP.DLL
0x00007ffe68720000 - 0x00007ffe68aa3000 	C:\WINDOWS\System32\combase.dll
0x00007ffe68570000 - 0x00007ffe68649000 	C:\WINDOWS\System32\OLEAUT32.dll
0x00007ffe2b350000 - 0x00007ffe2b38b000 	C:\WINDOWS\SYSTEM32\dbgcore.DLL
0x00007ffe671c0000 - 0x00007ffe67268000 	C:\WINDOWS\System32\bcryptPrimitives.dll
0x00007ffe34da0000 - 0x00007ffe34dc5000 	C:\Program Files\Java\jdk-17\bin\java.dll

dbghelp: loaded successfully - version: 4.0.5 - missing functions: none
symbol engine: initialized successfully - sym options: 0x614 - pdb path: .;C:\Program Files\Java\jdk-17\bin;C:\WINDOWS\SYSTEM32;C:\WINDOWS\WinSxS\amd64_microsoft.windows.common-controls_6595b64144ccf1df_6.0.26100.8521_none_3e08b75ce33403b3;D:\programs\Windhawk\Engine\1.7.3\64;C:\Program Files\Java\jdk-17\bin\server

VM Arguments:
jvm_args: -Xmx64m -Xms64m -Dorg.gradle.appname=gradlew 
java_command: d:\HydrationLink\mobile\android\\gradle\wrapper\gradle-wrapper.jar -I C:\Users\princ\AppData\Local\Temp\classpath3681798987434876429.gradle kotlinLSPProjectDeps --console=plain
java_class_path (initial): d:\HydrationLink\mobile\android\\gradle\wrapper\gradle-wrapper.jar
Launcher Type: SUN_STANDARD

[Global flags]
     intx CICompilerCount                          = 4                                         {product} {ergonomic}
     uint ConcGCThreads                            = 3                                         {product} {ergonomic}
     uint G1ConcRefinementThreads                  = 10                                        {product} {ergonomic}
   size_t G1HeapRegionSize                         = 1048576                                   {product} {ergonomic}
    uintx GCDrainStackTargetSize                   = 64                                        {product} {ergonomic}
   size_t InitialHeapSize                          = 67108864                                  {product} {command line}
   size_t MarkStackSize                            = 4194304                                   {product} {ergonomic}
   size_t MaxHeapSize                              = 67108864                                  {product} {command line}
   size_t MinHeapDeltaBytes                        = 1048576                                   {product} {ergonomic}
   size_t MinHeapSize                              = 67108864                                  {product} {command line}
    uintx NonNMethodCodeHeapSize                   = 5839372                                {pd product} {ergonomic}
    uintx NonProfiledCodeHeapSize                  = 122909434                              {pd product} {ergonomic}
    uintx ProfiledCodeHeapSize                     = 122909434                              {pd product} {ergonomic}
    uintx ReservedCodeCacheSize                    = 251658240                              {pd product} {ergonomic}
     bool SegmentedCodeCache                       = true                                      {product} {ergonomic}
   size_t SoftMaxHeapSize                          = 67108864                               {manageable} {ergonomic}
     bool UseCompressedClassPointers               = true                           {product lp64_product} {ergonomic}
     bool UseCompressedOops                        = true                           {product lp64_product} {ergonomic}
     bool UseG1GC                                  = true                                      {product} {ergonomic}
     bool UseLargePagesIndividualAllocation        = false                                  {pd product} {ergonomic}

Logging:
Log output configuration:
 #0: stdout all=warning uptime,level,tags
 #1: stderr all=off uptime,level,tags

Environment Variables:
JAVA_HOME=C:\Program Files\Java\jdk-17
CLASSPATH=c:\Users\princ\AppData\Roaming\Code\User\globalStorage\fwcd.kotlin\langServerInstall\server\lib\server-1.3.13.jar;c:\Users\princ\AppData\Roaming\Code\User\globalStorage\fwcd.kotlin\langServerInstall\server\lib\shared-1.3.13.jar;c:\Users\princ\AppData\Roaming\Code\User\globalStorage\fwcd.kotlin\langServerInstall\server\lib\kotlin-scripting-jvm-host-unshaded-2.1.0.jar;c:\Users\princ\AppData\Roaming\Code\User\globalStorage\fwcd.kotlin\langServerInstall\server\lib\kotlin-scripting-compiler-2.1.0.jar;c:\Users\princ\AppData\Roaming\Code\User\globalStorage\fwcd.kotlin\langServerInstall\server\lib\ktfmt-b5d31d1.jar;c:\Users\princ\AppData\Roaming\Code\User\globalStorage\fwcd.kotlin\langServerInstall\server\lib\kotlin-compiler-2.1.0.jar;c:\Users\princ\AppData\Roaming\Code\User\globalStorage\fwcd.kotlin\langServerInstall\server\lib\exposed-dao-0.37.3.jar;c:\Users\princ\AppData\Roaming\Code\User\globalStorage\fwcd.kotlin\langServerInstall\server\lib\exposed-jdbc-0.37.3.jar;c:\Users\princ\AppData\Roaming\Code\User\globalStorage\fwcd.kotlin\langServerInstall\server\lib\exposed-core-0.37.3.jar;c:\Users\princ\AppData\Roaming\Code\User\globalStorage\fwcd.kotlin\langServerInstall\server\lib\kotlin-scripting-compiler-impl-2.1.0.jar;c:\Users\princ\AppData\Roaming\Code\User\globalStorage\fwcd.kotlin\langServerInstall\server\lib\kotlin-reflect-2.1.0.jar;c:\Users\princ\AppData\Roaming\Code\User\globalStorage\fwcd.kotlin\langServerInstall\server\lib\kotlin-scripting-jvm-2.1.0.jar;c:\Users\princ\AppData\Roaming\Code\User\globalStorage\fwcd.kotlin\langServerInstall\server\lib\kotlin-scripting-common-2.1.0.jar;c:\Users\princ\AppData\Roaming\Code\User\globalStorage\fwcd.kotlin\langServerInstall\server\lib\kotlinx-coroutines-core-jvm-1.6.4.jar;c:\Users\princ\AppData\Roaming\Code\User\globalStorage\fwcd.kotlin\langServerInstall\server\lib\kotlin-stdlib-jdk8-2.1.0.jar;c:\Users\princ\AppData\Roaming\Code\User\globalStorage\fwcd.kotlin\langServerInstall\server\lib\kotlin-stdlib-jdk7-2.1.0.jar;c:\
PATH=C:\Python313\Scripts\;C:\Python313\;C:\Windows\system32;C:\Windows;C:\Program Files\Java\jdk-17\bin;C:\Windows\System32\Wbem;C:\Windows\System32\WindowsPowerShell\v1.0\;C:\Windows\System32\OpenSSH\;C:\Program Files (x86)\NVIDIA Corporation\PhysX\Common;C:\WINDOWS\system32;C:\WINDOWS;C:\WINDOWS\System32\Wbem;C:\WINDOWS\System32\WindowsPowerShell\v1.0\;C:\WINDOWS\System32\OpenSSH\;C:\Program Files\dotnet\;D:\downloads\platform-tools-latest-windows\platform-tools;C:\ProgramData\chocolatey\bin;C:\Users\princ\AppData\Local\Android\Sdk\platform-tools;C:\Users\princ\AppData\Local\Android\Sdk\tools;C:\Gradle\gradle-8.14.3\bin;C:\Program Files\Git\cmd;C:\Program Files\nodejs\;C:\Program Files\NVIDIA Corporation\NVIDIA App\NvDLISR;C:\Program Files\Docker\Docker\resources\bin;C:\Users\princ\.local\bin;C:\Program Files\NVIDIA Corporation\NVIDIA app\NvDLISR;C:\Users\princ\AppData\Local\Programs\Python\Python310\Scripts\;C:\Users\princ\AppData\Local\Programs\Python\Python310\;C:\Users\princ\AppData\Local\Microsoft\WindowsA;C:\Users\princ\.local\bin;C:\Python313\Scripts\;C:\Python313\;C:\Windows\system32;C:\Windows;C:\Program Files\Java\jdk-17\bin;C:\Windows\System32\Wbem;C:\Windows\System32\WindowsPowerShell\v1.0\;C:\Windows\System32\OpenSSH\;C:\Program Files (x86)\NVIDIA Corporation\PhysX\Common;C:\WINDOWS\system32;C:\WINDOWS;C:\WINDOWS\System32\Wbem;C:\WINDOWS\System32\WindowsPowerShell\v1.0\;C:\WINDOWS\System32\OpenSSH\;C:\Program Files\dotnet\;C:\Program Files\NVIDIA Corporation\NVIDIA app\NvDLISR;D:\downloads\platform-tools-latest-windows\platform-tools;C:\Program Files\Git\cmd;C:\Program Files\nodejs\;C:\ProgramData\chocolatey\bin;C:\Users\princ\AppData\Local\Android\Sdk\platform-tools;C:\Users\princ\AppData\Local\Android\Sdk\tools;C:\Gradle\gradle-8.14.3\bin;C:\Users\princ\AppData\Local\Programs\Python\Python310\Scripts\;C:\Users\princ\AppData\Local\Programs\Python\Python310\;C:\Users\princ\AppData\Local\Microsoft\WindowsApps;D:\programs\Microsoft VS Code\bin;C:\Users\pr
USERNAME=princ
OS=Windows_NT
PROCESSOR_IDENTIFIER=Intel64 Family 6 Model 141 Stepping 1, GenuineIntel



---------------  S Y S T E M  ---------------

OS:
 Windows 11 , 64 bit Build 26100 (10.0.26100.8521)
OS uptime: 0 days 4:59 hours
Hyper-V role detected

CPU: total 12 (initial active 12) (6 cores per cpu, 2 threads per core) family 6 model 141 stepping 1 microcode 0x34, cx8, cmov, fxsr, ht, mmx, 3dnowpref, sse, sse2, sse3, ssse3, sse4.1, sse4.2, popcnt, lzcnt, tsc, tscinvbit, avx, avx2, aes, erms, clmul, bmi1, bmi2, adx, avx512f, avx512dq, avx512cd, avx512bw, avx512vl, sha, fma, vzeroupper, avx512_vpopcntdq, avx512_vpclmulqdq, avx512_vaes, avx512_vnni, clflush, clflushopt, clwb, avx512_vbmi2, avx512_vbmi, hv

Memory: 4k page, system-wide physical 16106M (1274M free)
TotalPageFile size 32490M (AvailPageFile size 0M)
current process WorkingSet (physical memory assigned to process): 12M, peak: 12M
current process commit charge ("private bytes"): 63M, peak: 127M

vm_info: Java HotSpot(TM) 64-Bit Server VM (17.0.12+8-LTS-286) for windows-amd64 JRE (17.0.12+8-LTS-286), built on Jun  5 2024 06:46:59 by "mach5one" with MS VC++ 17.6 (VS2022)

END.
